

Started GET "/" for ::1 at 2017-03-10 20:58:32 -0300

ActiveRecord::PendingMigrationError (

Migrations are pending. To resolve this issue, run:

	bin/rake db:migrate RAILS_ENV=development

):
  activerecord (4.2.1) lib/active_record/migration.rb:393:in `check_pending!'
  activerecord (4.2.1) lib/active_record/migration.rb:374:in `call'
  actionpack (4.2.1) lib/action_dispatch/middleware/callbacks.rb:29:in `block in call'
  activesupport (4.2.1) lib/active_support/callbacks.rb:88:in `call'
  activesupport (4.2.1) lib/active_support/callbacks.rb:88:in `_run_callbacks'
  activesupport (4.2.1) lib/active_support/callbacks.rb:776:in `_run_call_callbacks'
  activesupport (4.2.1) lib/active_support/callbacks.rb:81:in `run_callbacks'
  actionpack (4.2.1) lib/action_dispatch/middleware/callbacks.rb:27:in `call'
  actionpack (4.2.1) lib/action_dispatch/middleware/reloader.rb:73:in `call'
  actionpack (4.2.1) lib/action_dispatch/middleware/remote_ip.rb:78:in `call'
  actionpack (4.2.1) lib/action_dispatch/middleware/debug_exceptions.rb:17:in `call'
  web-console (2.1.2) lib/web_console/middleware.rb:37:in `call'
  actionpack (4.2.1) lib/action_dispatch/middleware/show_exceptions.rb:30:in `call'
  railties (4.2.1) lib/rails/rack/logger.rb:38:in `call_app'
  railties (4.2.1) lib/rails/rack/logger.rb:20:in `block in call'
  activesupport (4.2.1) lib/active_support/tagged_logging.rb:68:in `block in tagged'
  activesupport (4.2.1) lib/active_support/tagged_logging.rb:26:in `tagged'
  activesupport (4.2.1) lib/active_support/tagged_logging.rb:68:in `tagged'
  railties (4.2.1) lib/rails/rack/logger.rb:20:in `call'
  actionpack (4.2.1) lib/action_dispatch/middleware/request_id.rb:21:in `call'
  rack (1.6.1) lib/rack/methodoverride.rb:22:in `call'
  rack (1.6.1) lib/rack/runtime.rb:18:in `call'
  activesupport (4.2.1) lib/active_support/cache/strategy/local_cache_middleware.rb:28:in `call'
  rack (1.6.1) lib/rack/lock.rb:17:in `call'
  actionpack (4.2.1) lib/action_dispatch/middleware/static.rb:113:in `call'
  rack (1.6.1) lib/rack/sendfile.rb:113:in `call'
  railties (4.2.1) lib/rails/engine.rb:518:in `call'
  railties (4.2.1) lib/rails/application.rb:164:in `call'
  rack (1.6.1) lib/rack/lock.rb:17:in `call'
  rack (1.6.1) lib/rack/content_length.rb:15:in `call'
  rack (1.6.1) lib/rack/handler/webrick.rb:89:in `service'
  C:/tools/Ruby21/lib/ruby/2.1.0/webrick/httpserver.rb:138:in `service'
  C:/tools/Ruby21/lib/ruby/2.1.0/webrick/httpserver.rb:94:in `run'
  C:/tools/Ruby21/lib/ruby/2.1.0/webrick/server.rb:295:in `block in start_thread'


  Rendered C:/tools/Ruby21/lib/ruby/gems/2.1.0/gems/actionpack-4.2.1/lib/action_dispatch/middleware/templates/rescues/_source.erb (0.0ms)
  Rendered C:/tools/Ruby21/lib/ruby/gems/2.1.0/gems/actionpack-4.2.1/lib/action_dispatch/middleware/templates/rescues/_trace.html.erb (1.0ms)
  Rendered C:/tools/Ruby21/lib/ruby/gems/2.1.0/gems/actionpack-4.2.1/lib/action_dispatch/middleware/templates/rescues/_request_and_response.html.erb (0.0ms)
  Rendered C:/tools/Ruby21/lib/ruby/gems/2.1.0/gems/actionpack-4.2.1/lib/action_dispatch/middleware/templates/rescues/diagnostics.html.erb within rescues/layout (19.0ms)
  Rendered C:/tools/Ruby21/lib/ruby/gems/2.1.0/gems/web-console-2.1.2/lib/web_console/templates/_markup.html.erb (0.0ms)
  Rendered C:/tools/Ruby21/lib/ruby/gems/2.1.0/gems/web-console-2.1.2/lib/web_console/templates/style.css.erb within layouts/inlined_string (0.0ms)
  Rendered C:/tools/Ruby21/lib/ruby/gems/2.1.0/gems/web-console-2.1.2/lib/web_console/templates/_inner_console_markup.html.erb within layouts/inlined_string (0.0ms)
  Rendered C:/tools/Ruby21/lib/ruby/gems/2.1.0/gems/web-console-2.1.2/lib/web_console/templates/_prompt_box_markup.html.erb within layouts/inlined_string (0.0ms)
  Rendered C:/tools/Ruby21/lib/ruby/gems/2.1.0/gems/web-console-2.1.2/lib/web_console/templates/console.js.erb within layouts/javascript (17.0ms)
  Rendered C:/tools/Ruby21/lib/ruby/gems/2.1.0/gems/web-console-2.1.2/lib/web_console/templates/main.js.erb within layouts/javascript (0.0ms)
  Rendered C:/tools/Ruby21/lib/ruby/gems/2.1.0/gems/web-console-2.1.2/lib/web_console/templates/error_page.js.erb within layouts/javascript (0.0ms)
  Rendered C:/tools/Ruby21/lib/ruby/gems/2.1.0/gems/web-console-2.1.2/lib/web_console/templates/index.html.erb (40.0ms)
  [1m[36m (46.8ms)[0m  [1mCREATE TABLE "schema_migrations" ("version" varchar NOT NULL) [0m
  [1m[35m (0.0ms)[0m  select sqlite_version(*)
  [1m[36m (31.2ms)[0m  [1mCREATE UNIQUE INDEX "unique_schema_migrations" ON "schema_migrations" ("version")[0m
  [1m[35mActiveRecord::SchemaMigration Load (0.0ms)[0m  SELECT "schema_migrations".* FROM "schema_migrations"
Migrating to CreateRedesocials (20170310234849)
  [1m[36m (0.0ms)[0m  [1mbegin transaction[0m
  [1m[35m (0.0ms)[0m  CREATE TABLE "redesocials" ("id" INTEGER PRIMARY KEY AUTOINCREMENT NOT NULL, "nome" varchar, "email" varchar, "telefone" varchar, "idade" varchar, "created_at" datetime NOT NULL, "updated_at" datetime NOT NULL) 
  [1m[36mSQL (0.0ms)[0m  [1mINSERT INTO "schema_migrations" ("version") VALUES (?)[0m  [["version", "20170310234849"]]
  [1m[35m (62.4ms)[0m  commit transaction
  [1m[36mActiveRecord::SchemaMigration Load (0.0ms)[0m  [1mSELECT "schema_migrations".* FROM "schema_migrations"[0m


Started GET "/" for ::1 at 2017-03-10 20:59:52 -0300
  [1m[36mActiveRecord::SchemaMigration Load (0.0ms)[0m  [1mSELECT "schema_migrations".* FROM "schema_migrations"[0m
Processing by Rails::WelcomeController#index as HTML
  Rendered C:/tools/Ruby21/lib/ruby/gems/2.1.0/gems/railties-4.2.1/lib/rails/templates/rails/welcome/index.html.erb (1.0ms)
Completed 200 OK in 16ms (Views: 7.0ms | ActiveRecord: 0.0ms)


Started GET "/redesocials" for ::1 at 2017-03-10 21:00:22 -0300
Processing by RedesocialsController#index as HTML
  [1m[35mRedesocial Load (0.0ms)[0m  SELECT "redesocials".* FROM "redesocials"
  Rendered redesocials/index.html.erb within layouts/application (0.0ms)
Completed 200 OK in 3546ms (Views: 3544.8ms | ActiveRecord: 0.0ms)


Started GET "/assets/scaffolds.self-6b5cb3abb5dfec35288a0e510b8386efa339cf76b71822bb13b03a6ae7a534f0.css?body=1" for ::1 at 2017-03-10 21:00:26 -0300


Started GET "/assets/redesocials.self-e3b0c44298fc1c149afbf4c8996fb92427ae41e4649b934ca495991b7852b855.css?body=1" for ::1 at 2017-03-10 21:00:26 -0300


Started GET "/assets/application.self-e80e8f2318043e8af94dddc2adad5a4f09739a8ebb323b3ab31cd71d45fd9113.css?body=1" for ::1 at 2017-03-10 21:00:26 -0300


Started GET "/assets/redesocials.self-877aef30ae1b040ab8a3aba4e3e309a11d7f2612f44dde450b5c157aa5f95c05.js?body=1" for ::1 at 2017-03-10 21:00:26 -0300


Started GET "/assets/jquery.self-d03a5518f45df77341bdbe6201ba3bfa547ebba8ed64f0ea56bfa5f96ea7c074.js?body=1" for ::1 at 2017-03-10 21:00:26 -0300


Started GET "/assets/jquery_ujs.self-8e98a7a072a6cee1372d19fff9ff3e6aa1e39a37d89d6f06861637d061113ee7.js?body=1" for ::1 at 2017-03-10 21:00:26 -0300


Started GET "/assets/turbolinks.self-c37727e9bd6b2735da5c311aa83fead54ed0be6cc8bd9a65309e9c5abe2cbfff.js?body=1" for ::1 at 2017-03-10 21:00:26 -0300


Started GET "/assets/application.self-3b8dabdc891efe46b9a144b400ad69e37d7e5876bdc39dee783419a69d7ca819.js?body=1" for ::1 at 2017-03-10 21:00:26 -0300


Started GET "/redesocials/new" for ::1 at 2017-03-10 21:00:31 -0300
Processing by RedesocialsController#new as HTML
  Rendered redesocials/_form.html.erb (109.2ms)
  Rendered redesocials/new.html.erb within layouts/application (124.8ms)
Completed 200 OK in 222ms (Views: 140.4ms | ActiveRecord: 0.0ms)


Started GET "/redesocials" for ::1 at 2017-03-10 21:01:51 -0300
Processing by RedesocialsController#index as HTML
  [1m[36mRedesocial Load (0.0ms)[0m  [1mSELECT "redesocials".* FROM "redesocials"[0m
  Rendered redesocials/index.html.erb within layouts/application (0.0ms)
Completed 200 OK in 39ms (Views: 38.6ms | ActiveRecord: 0.0ms)


Started GET "/redesocials/new" for ::1 at 2017-03-10 21:01:55 -0300
Processing by RedesocialsController#new as HTML
  Rendered redesocials/_form.html.erb (1.0ms)
  Rendered redesocials/new.html.erb within layouts/application (2.0ms)
Completed 200 OK in 33ms (Views: 33.0ms | ActiveRecord: 0.0ms)


Started GET "/redesocials" for ::1 at 2017-03-10 21:02:04 -0300
Processing by RedesocialsController#index as HTML
  [1m[35mRedesocial Load (0.0ms)[0m  SELECT "redesocials".* FROM "redesocials"
  Rendered redesocials/index.html.erb within layouts/application (0.0ms)
Completed 200 OK in 34ms (Views: 34.2ms | ActiveRecord: 0.0ms)


Started GET "/redesocials/new" for ::1 at 2017-03-10 21:02:09 -0300
Processing by RedesocialsController#new as HTML
  Rendered redesocials/_form.html.erb (0.0ms)
  Rendered redesocials/new.html.erb within layouts/application (0.0ms)
Completed 200 OK in 34ms (Views: 34.2ms | ActiveRecord: 0.0ms)


Started POST "/redesocials" for ::1 at 2017-03-10 21:02:11 -0300
Processing by RedesocialsController#create as HTML
  Parameters: {"utf8"=>"✓", "authenticity_token"=>"s2NThPyLfbV0iyHykOWKj3TSL83B4V7GSQZDyd1A4IqLeO3uLUuHOnD/bWIVe+AgkjTlWFJJmDWM8+g8yVpPTQ==", "redesocial"=>{"nome"=>"", "email"=>"", "telefone"=>"", "idade"=>""}, "commit"=>"Create Redesocial"}
  [1m[36m (0.0ms)[0m  [1mbegin transaction[0m
  [1m[35mSQL (1.0ms)[0m  INSERT INTO "redesocials" ("nome", "email", "telefone", "idade", "created_at", "updated_at") VALUES (?, ?, ?, ?, ?, ?)  [["nome", ""], ["email", ""], ["telefone", ""], ["idade", ""], ["created_at", "2017-03-11 00:02:11.116469"], ["updated_at", "2017-03-11 00:02:11.116469"]]
  [1m[36m (43.0ms)[0m  [1mcommit transaction[0m
Redirected to http://localhost:3000/redesocials/1
Completed 302 Found in 52ms (ActiveRecord: 44.0ms)


Started GET "/redesocials/1" for ::1 at 2017-03-10 21:02:11 -0300
Processing by RedesocialsController#show as HTML
  Parameters: {"id"=>"1"}
  [1m[35mRedesocial Load (0.0ms)[0m  SELECT  "redesocials".* FROM "redesocials" WHERE "redesocials"."id" = ? LIMIT 1  [["id", 1]]
  Rendered redesocials/show.html.erb within layouts/application (1.0ms)
Completed 200 OK in 59ms (Views: 31.0ms | ActiveRecord: 0.0ms)


Started GET "/redesocials/1/edit" for ::1 at 2017-03-10 21:02:14 -0300
Processing by RedesocialsController#edit as HTML
  Parameters: {"id"=>"1"}
  [1m[36mRedesocial Load (0.0ms)[0m  [1mSELECT  "redesocials".* FROM "redesocials" WHERE "redesocials"."id" = ? LIMIT 1[0m  [["id", 1]]
  Rendered redesocials/_form.html.erb (1.0ms)
  Rendered redesocials/edit.html.erb within layouts/application (2.0ms)
Completed 200 OK in 26ms (Views: 23.6ms | ActiveRecord: 0.0ms)


Started PATCH "/redesocials/1" for ::1 at 2017-03-10 21:02:36 -0300
Processing by RedesocialsController#update as HTML
  Parameters: {"utf8"=>"✓", "authenticity_token"=>"cXpSmj26u81S1dgg5ilOMmvT7pTwj53cZuaM4DwhCNBJYezw7HpBQlahlLBjtySdjTUkAWMnWy+jEycVKDunFw==", "redesocial"=>{"nome"=>"alex", "email"=>"123@gmail.com", "telefone"=>"4136549877", "idade"=>"20"}, "commit"=>"Update Redesocial", "id"=>"1"}
  [1m[35mRedesocial Load (0.0ms)[0m  SELECT  "redesocials".* FROM "redesocials" WHERE "redesocials"."id" = ? LIMIT 1  [["id", 1]]
  [1m[36m (0.0ms)[0m  [1mbegin transaction[0m
  [1m[35mSQL (0.0ms)[0m  UPDATE "redesocials" SET "nome" = ?, "email" = ?, "telefone" = ?, "idade" = ?, "updated_at" = ? WHERE "redesocials"."id" = ?  [["nome", "alex"], ["email", "123@gmail.com"], ["telefone", "4136549877"], ["idade", "20"], ["updated_at", "2017-03-11 00:02:36.150794"], ["id", 1]]
  [1m[36m (85.6ms)[0m  [1mcommit transaction[0m
Redirected to http://localhost:3000/redesocials/1
Completed 302 Found in 88ms (ActiveRecord: 85.6ms)


Started GET "/redesocials/1" for ::1 at 2017-03-10 21:02:36 -0300
Processing by RedesocialsController#show as HTML
  Parameters: {"id"=>"1"}
  [1m[35mRedesocial Load (0.0ms)[0m  SELECT  "redesocials".* FROM "redesocials" WHERE "redesocials"."id" = ? LIMIT 1  [["id", 1]]
  Rendered redesocials/show.html.erb within layouts/application (0.0ms)
Completed 200 OK in 30ms (Views: 29.0ms | ActiveRecord: 0.0ms)


Started GET "/redesocials" for ::1 at 2017-03-10 21:02:39 -0300
Processing by RedesocialsController#index as HTML
  [1m[36mRedesocial Load (0.0ms)[0m  [1mSELECT "redesocials".* FROM "redesocials"[0m
  Rendered redesocials/index.html.erb within layouts/application (0.0ms)
Completed 200 OK in 35ms (Views: 35.2ms | ActiveRecord: 0.0ms)


Started GET "/redesocials/new" for ::1 at 2017-03-10 21:02:42 -0300
Processing by RedesocialsController#new as HTML
  Rendered redesocials/_form.html.erb (0.0ms)
  Rendered redesocials/new.html.erb within layouts/application (0.0ms)
Completed 200 OK in 37ms (Views: 37.2ms | ActiveRecord: 0.0ms)


Started POST "/redesocials" for ::1 at 2017-03-10 21:03:04 -0300
Processing by RedesocialsController#create as HTML
  Parameters: {"utf8"=>"✓", "authenticity_token"=>"z2QW+WR4SCpVXxwq01pAfGx+v7/6FxMehjPyBu6C9IX3f6iTtbiypVErULpWxCrTiph1Kmm/1e1Dxlnz+phbQg==", "redesocial"=>{"nome"=>"oi", "email"=>"oi@gmail.com", "telefone"=>"4169732164", "idade"=>"21"}, "commit"=>"Create Redesocial"}
  [1m[35m (0.0ms)[0m  begin transaction
  [1m[36mSQL (0.0ms)[0m  [1mINSERT INTO "redesocials" ("nome", "email", "telefone", "idade", "created_at", "updated_at") VALUES (?, ?, ?, ?, ?, ?)[0m  [["nome", "oi"], ["email", "oi@gmail.com"], ["telefone", "4169732164"], ["idade", "21"], ["created_at", "2017-03-11 00:03:04.632521"], ["updated_at", "2017-03-11 00:03:04.632521"]]
  [1m[35m (64.6ms)[0m  commit transaction
Redirected to http://localhost:3000/redesocials/2
Completed 302 Found in 67ms (ActiveRecord: 64.6ms)


Started GET "/redesocials/2" for ::1 at 2017-03-10 21:03:04 -0300
Processing by RedesocialsController#show as HTML
  Parameters: {"id"=>"2"}
  [1m[36mRedesocial Load (0.0ms)[0m  [1mSELECT  "redesocials".* FROM "redesocials" WHERE "redesocials"."id" = ? LIMIT 1[0m  [["id", 2]]
  Rendered redesocials/show.html.erb within layouts/application (0.0ms)
Completed 200 OK in 30ms (Views: 29.0ms | ActiveRecord: 0.0ms)


Started GET "/redesocials" for ::1 at 2017-03-10 21:03:09 -0300
Processing by RedesocialsController#index as HTML
  [1m[35mRedesocial Load (0.0ms)[0m  SELECT "redesocials".* FROM "redesocials"
  Rendered redesocials/index.html.erb within layouts/application (1.0ms)
Completed 200 OK in 23ms (Views: 22.0ms | ActiveRecord: 0.0ms)


Started GET "/redesocials" for ::1 at 2017-03-10 21:04:51 -0300
Processing by RedesocialsController#index as HTML
  [1m[36mRedesocial Load (0.0ms)[0m  [1mSELECT "redesocials".* FROM "redesocials"[0m
  Rendered redesocials/index.html.erb within layouts/application (0.0ms)
Completed 200 OK in 41ms (Views: 40.6ms | ActiveRecord: 0.0ms)


Started GET "/assets/redesocials.self-e3b0c44298fc1c149afbf4c8996fb92427ae41e4649b934ca495991b7852b855.css?body=1" for ::1 at 2017-03-10 21:04:51 -0300


Started GET "/assets/jquery_ujs.self-8e98a7a072a6cee1372d19fff9ff3e6aa1e39a37d89d6f06861637d061113ee7.js?body=1" for ::1 at 2017-03-10 21:04:51 -0300


Started GET "/assets/jquery.self-d03a5518f45df77341bdbe6201ba3bfa547ebba8ed64f0ea56bfa5f96ea7c074.js?body=1" for ::1 at 2017-03-10 21:04:51 -0300


Started GET "/assets/scaffolds.self-6b5cb3abb5dfec35288a0e510b8386efa339cf76b71822bb13b03a6ae7a534f0.css?body=1" for ::1 at 2017-03-10 21:04:51 -0300


Started GET "/assets/application.self-e80e8f2318043e8af94dddc2adad5a4f09739a8ebb323b3ab31cd71d45fd9113.css?body=1" for ::1 at 2017-03-10 21:04:51 -0300


Started GET "/assets/turbolinks.self-c37727e9bd6b2735da5c311aa83fead54ed0be6cc8bd9a65309e9c5abe2cbfff.js?body=1" for ::1 at 2017-03-10 21:04:51 -0300


Started GET "/assets/redesocials.self-877aef30ae1b040ab8a3aba4e3e309a11d7f2612f44dde450b5c157aa5f95c05.js?body=1" for ::1 at 2017-03-10 21:04:51 -0300


Started GET "/assets/application.self-3b8dabdc891efe46b9a144b400ad69e37d7e5876bdc39dee783419a69d7ca819.js?body=1" for ::1 at 2017-03-10 21:04:51 -0300


Started GET "/redesocials" for ::1 at 2017-03-10 21:05:26 -0300
Processing by RedesocialsController#index as HTML
  [1m[35mRedesocial Load (0.0ms)[0m  SELECT "redesocials".* FROM "redesocials"
  Rendered redesocials/index.html.erb within layouts/application (0.0ms)
Completed 200 OK in 44ms (Views: 43.6ms | ActiveRecord: 0.0ms)


Started GET "/assets/redesocials.self-e3b0c44298fc1c149afbf4c8996fb92427ae41e4649b934ca495991b7852b855.css?body=1" for ::1 at 2017-03-10 21:05:26 -0300


Started GET "/assets/scaffolds.self-6b5cb3abb5dfec35288a0e510b8386efa339cf76b71822bb13b03a6ae7a534f0.css?body=1" for ::1 at 2017-03-10 21:05:26 -0300


Started GET "/assets/application.self-e80e8f2318043e8af94dddc2adad5a4f09739a8ebb323b3ab31cd71d45fd9113.css?body=1" for ::1 at 2017-03-10 21:05:26 -0300


Started GET "/assets/jquery.self-d03a5518f45df77341bdbe6201ba3bfa547ebba8ed64f0ea56bfa5f96ea7c074.js?body=1" for ::1 at 2017-03-10 21:05:26 -0300


Started GET "/assets/redesocials.self-877aef30ae1b040ab8a3aba4e3e309a11d7f2612f44dde450b5c157aa5f95c05.js?body=1" for ::1 at 2017-03-10 21:05:26 -0300


Started GET "/assets/jquery_ujs.self-8e98a7a072a6cee1372d19fff9ff3e6aa1e39a37d89d6f06861637d061113ee7.js?body=1" for ::1 at 2017-03-10 21:05:26 -0300


Started GET "/assets/turbolinks.self-c37727e9bd6b2735da5c311aa83fead54ed0be6cc8bd9a65309e9c5abe2cbfff.js?body=1" for ::1 at 2017-03-10 21:05:26 -0300


Started GET "/assets/application.self-3b8dabdc891efe46b9a144b400ad69e37d7e5876bdc39dee783419a69d7ca819.js?body=1" for ::1 at 2017-03-10 21:05:26 -0300


Started GET "/redesocials" for ::1 at 2017-03-10 21:07:05 -0300
Processing by RedesocialsController#index as HTML
  [1m[36mRedesocial Load (0.0ms)[0m  [1mSELECT "redesocials".* FROM "redesocials"[0m
  Rendered redesocials/index.html.erb within layouts/application (0.0ms)
Completed 200 OK in 42ms (Views: 41.6ms | ActiveRecord: 0.0ms)


Started GET "/assets/scaffolds.self-6b5cb3abb5dfec35288a0e510b8386efa339cf76b71822bb13b03a6ae7a534f0.css?body=1" for ::1 at 2017-03-10 21:07:05 -0300


Started GET "/assets/redesocials.self-e3b0c44298fc1c149afbf4c8996fb92427ae41e4649b934ca495991b7852b855.css?body=1" for ::1 at 2017-03-10 21:07:05 -0300


Started GET "/assets/application.self-e80e8f2318043e8af94dddc2adad5a4f09739a8ebb323b3ab31cd71d45fd9113.css?body=1" for ::1 at 2017-03-10 21:07:05 -0300


Started GET "/assets/application.self-3b8dabdc891efe46b9a144b400ad69e37d7e5876bdc39dee783419a69d7ca819.js?body=1" for ::1 at 2017-03-10 21:07:05 -0300


Started GET "/assets/jquery.self-d03a5518f45df77341bdbe6201ba3bfa547ebba8ed64f0ea56bfa5f96ea7c074.js?body=1" for ::1 at 2017-03-10 21:07:05 -0300


Started GET "/assets/redesocials.self-877aef30ae1b040ab8a3aba4e3e309a11d7f2612f44dde450b5c157aa5f95c05.js?body=1" for ::1 at 2017-03-10 21:07:05 -0300


Started GET "/assets/jquery_ujs.self-8e98a7a072a6cee1372d19fff9ff3e6aa1e39a37d89d6f06861637d061113ee7.js?body=1" for ::1 at 2017-03-10 21:07:05 -0300


Started GET "/assets/turbolinks.self-c37727e9bd6b2735da5c311aa83fead54ed0be6cc8bd9a65309e9c5abe2cbfff.js?body=1" for ::1 at 2017-03-10 21:07:05 -0300
